<?xml version="1.0" encoding="UTF-8"?>
<testng-results skipped="0" failed="0" ignored="0" total="6" passed="6">
  <reporter-output>
  </reporter-output>
  <suite name="Default suite" duration-ms="124258" started-at="2019-12-15T16:07:10 CET" finished-at="2019-12-15T16:09:15 CET">
    <groups>
    </groups>
    <test name="Default test" duration-ms="124258" started-at="2019-12-15T16:07:10 CET" finished-at="2019-12-15T16:09:15 CET">
      <class name="travels_tests.MenuTest">
        <test-method status="PASS" signature="setup()[pri:0, instance:travels_tests.MenuTest@6ebc05a6]" name="setup" is-config="true" duration-ms="20009" started-at="2019-12-15T16:07:10 CET" finished-at="2019-12-15T16:07:30 CET">
          <reporter-output>
          </reporter-output>
        </test-method> <!-- setup -->
        <test-method status="PASS" signature="iFrameProblem()[pri:0, instance:travels_tests.MenuTest@6ebc05a6]" name="iFrameProblem" is-config="true" duration-ms="11179" started-at="2019-12-15T16:07:30 CET" depends-on-methods="travels_tests.BasicTest.setup" finished-at="2019-12-15T16:07:42 CET">
          <reporter-output>
          </reporter-output>
        </test-method> <!-- iFrameProblem -->
        <test-method status="PASS" signature="setup1()[pri:0, instance:travels_tests.MenuTest@6ebc05a6]" name="setup1" is-config="true" duration-ms="8046" started-at="2019-12-15T16:07:42 CET" depends-on-methods="travels_tests.BasicTest.setup" finished-at="2019-12-15T16:07:50 CET">
          <reporter-output>
          </reporter-output>
        </test-method> <!-- setup1 -->
        <test-method status="PASS" signature="ManuUpdates()[pri:10, instance:travels_tests.MenuTest@6ebc05a6]" name="ManuUpdates" duration-ms="20570" started-at="2019-12-15T16:07:50 CET" finished-at="2019-12-15T16:08:10 CET">
          <reporter-output>
          </reporter-output>
        </test-method> <!-- ManuUpdates -->
        <test-method status="PASS" signature="ManuModules()[pri:11, instance:travels_tests.MenuTest@6ebc05a6]" name="ManuModules" duration-ms="10945" started-at="2019-12-15T16:08:10 CET" finished-at="2019-12-15T16:08:21 CET">
          <reporter-output>
          </reporter-output>
        </test-method> <!-- ManuModules -->
        <test-method status="PASS" signature="ManuCoupons()[pri:12, instance:travels_tests.MenuTest@6ebc05a6]" name="ManuCoupons" duration-ms="10055" started-at="2019-12-15T16:08:21 CET" finished-at="2019-12-15T16:08:31 CET">
          <reporter-output>
          </reporter-output>
        </test-method> <!-- ManuCoupons -->
        <test-method status="PASS" signature="ManuNewsletters()[pri:13, instance:travels_tests.MenuTest@6ebc05a6]" name="ManuNewsletters" duration-ms="13688" started-at="2019-12-15T16:08:31 CET" finished-at="2019-12-15T16:08:45 CET">
          <reporter-output>
          </reporter-output>
        </test-method> <!-- ManuNewsletters -->
        <test-method status="PASS" signature="ManuBooking()[pri:14, instance:travels_tests.MenuTest@6ebc05a6]" name="ManuBooking" duration-ms="16378" started-at="2019-12-15T16:08:45 CET" finished-at="2019-12-15T16:09:01 CET">
          <reporter-output>
          </reporter-output>
        </test-method> <!-- ManuBooking -->
        <test-method status="PASS" signature="ManuTours()[pri:15, instance:travels_tests.MenuTest@6ebc05a6]" name="ManuTours" duration-ms="13238" started-at="2019-12-15T16:09:01 CET" finished-at="2019-12-15T16:09:15 CET">
          <reporter-output>
          </reporter-output>
        </test-method> <!-- ManuTours -->
        <test-method status="PASS" signature="quit()[pri:0, instance:travels_tests.MenuTest@6ebc05a6]" name="quit" is-config="true" duration-ms="2" started-at="2019-12-15T16:09:15 CET" finished-at="2019-12-15T16:09:15 CET">
          <reporter-output>
          </reporter-output>
        </test-method> <!-- quit -->
      </class> <!-- travels_tests.MenuTest -->
    </test> <!-- Default test -->
  </suite> <!-- Default suite -->
</testng-results>
